<?xml version="1.0" encoding="UTF-8" ?>
<testsuite failures="0" time="364.96" errors="1" skipped="0" tests="9" name="com.DFATTests.Firefox.IntelligenceOfficerFormTest">
  <properties>
[...]
</properties>
  <testcase time="6.11" classname="com.DFATTests.Firefox.IntelligenceOfficerFormTest" name="A_NavigateToIntelligenceOfficerApplicationTest"/>
  <testcase time="80.559" classname="com.DFATTests.Firefox.IntelligenceOfficerFormTest" name="B_LoginAsUserTest"/>
  <testcase time="44.421" classname="com.DFATTests.Firefox.IntelligenceOfficerFormTest" name="C_FillFormFormPersonalSectionComplete"/>
  <testcase time="33.942" classname="com.DFATTests.Firefox.IntelligenceOfficerFormTest" name="D_FillFormPartnerAndRelationshipSectionComplete"/>
  <testcase time="33.79" classname="com.DFATTests.Firefox.IntelligenceOfficerFormTest" name="E_FillFormEducationAndEmploymentSectionComplete"/>
  <testcase time="33.89" classname="com.DFATTests.Firefox.IntelligenceOfficerFormTest" name="F_FillFormExtraCurrAndForeignExpSectionComplete"/>
  <testcase time="116.145" classname="com.DFATTests.Firefox.IntelligenceOfficerFormTest" name="G_FillFormExtendedResponseSectionComplete"/>
  <testcase time="0.155" classname="com.DFATTests.Firefox.IntelligenceOfficerFormTest" name="H_SubmitFormSection"/>
  <testcase time="0.461" classname="com.DFATTests.Firefox.IntelligenceOfficerFormTest" name="com.DFATTests.Firefox.IntelligenceOfficerFormTest">
    <error message="Error communicating with the remote browser. It may have died.
Build info: version: &apos;2.34.0&apos;, revision: &apos;11cd0ef93615408e0b6b3bfa28defe125906461a&apos;, time: &apos;2013-08-06 11:43:14&apos;
System info: os.name: &apos;Windows 8.1&apos;, os.arch: &apos;amd64&apos;, os.version: &apos;6.3&apos;, java.version: &apos;1.7.0_60&apos;
Driver info: driver.version: RemoteWebDriver" type="org.openqa.selenium.remote.UnreachableBrowserException">org.openqa.selenium.remote.UnreachableBrowserException: Error communicating with the remote browser. It may have died.
Build info: version: &apos;2.34.0&apos;, revision: &apos;11cd0ef93615408e0b6b3bfa28defe125906461a&apos;, time: &apos;2013-08-06 11:43:14&apos;
System info: os.name: &apos;Windows 8.1&apos;, os.arch: &apos;amd64&apos;, os.version: &apos;6.3&apos;, java.version: &apos;1.7.0_60&apos;
Driver info: driver.version: RemoteWebDriver
	at org.openqa.selenium.remote.RemoteWebDriver.execute(RemoteWebDriver.java:548)
	at org.openqa.selenium.remote.RemoteWebDriver.execute(RemoteWebDriver.java:569)
	at org.openqa.selenium.remote.RemoteWebDriver.quit(RemoteWebDriver.java:423)
	at com.DFAT_Australia.BaseClass.tearDown(BaseClass.java:281)
	at com.DFATTests.Firefox.IntelligenceOfficerFormTest.teardown(IntelligenceOfficerFormTest.java:130)
	at sun.reflect.NativeMethodAccessorImpl.invoke0(Native Method)
	at sun.reflect.NativeMethodAccessorImpl.invoke(Unknown Source)
	at sun.reflect.DelegatingMethodAccessorImpl.invoke(Unknown Source)
	at java.lang.reflect.Method.invoke(Unknown Source)
	at org.junit.runners.model.FrameworkMethod$1.runReflectiveCall(FrameworkMethod.java:47)
	at org.junit.internal.runners.model.ReflectiveCallable.run(ReflectiveCallable.java:12)
	at org.junit.runners.model.FrameworkMethod.invokeExplosively(FrameworkMethod.java:44)
	at org.junit.internal.runners.statements.RunAfters.evaluate(RunAfters.java:33)
	at org.junit.runners.ParentRunner.run(ParentRunner.java:309)
	at org.apache.maven.surefire.junit4.JUnit4TestSet.execute(JUnit4TestSet.java:53)
	at org.apache.maven.surefire.junit4.JUnit4Provider.executeTestSet(JUnit4Provider.java:123)
	at org.apache.maven.surefire.junit4.JUnit4Provider.invoke(JUnit4Provider.java:104)
	at sun.reflect.NativeMethodAccessorImpl.invoke0(Native Method)
	at sun.reflect.NativeMethodAccessorImpl.invoke(Unknown Source)
	at sun.reflect.DelegatingMethodAccessorImpl.invoke(Unknown Source)
	at java.lang.reflect.Method.invoke(Unknown Source)
	at org.apache.maven.surefire.util.ReflectionUtils.invokeMethodWithArray(ReflectionUtils.java:164)
	at org.apache.maven.surefire.booter.ProviderFactory$ProviderProxy.invoke(ProviderFactory.java:110)
	at org.apache.maven.surefire.booter.SurefireStarter.invokeProvider(SurefireStarter.java:175)
	at org.apache.maven.surefire.booter.SurefireStarter.runSuitesInProcessWhenForked(SurefireStarter.java:107)
	at org.apache.maven.surefire.booter.ForkedBooter.main(ForkedBooter.java:68)
Caused by: java.net.UnknownHostException: hub.browserstack.com
	at java.net.InetAddress.getAllByName0(Unknown Source)
	at java.net.InetAddress.getAllByName(Unknown Source)
	at java.net.InetAddress.getAllByName(Unknown Source)
	at org.apache.http.impl.conn.SystemDefaultDnsResolver.resolve(SystemDefaultDnsResolver.java:45)
	at org.apache.http.impl.conn.DefaultClientConnectionOperator.resolveHostname(DefaultClientConnectionOperator.java:278)
	at org.apache.http.impl.conn.DefaultClientConnectionOperator.openConnection(DefaultClientConnectionOperator.java:162)
	at org.apache.http.impl.conn.AbstractPoolEntry.open(AbstractPoolEntry.java:151)
	at org.apache.http.impl.conn.AbstractPooledConnAdapter.open(AbstractPooledConnAdapter.java:125)
	at org.apache.http.impl.client.DefaultRequestDirector.tryConnect(DefaultRequestDirector.java:640)
	at org.apache.http.impl.client.DefaultRequestDirector.execute(DefaultRequestDirector.java:479)
	at org.apache.http.impl.client.AbstractHttpClient.execute(AbstractHttpClient.java:906)
	at org.openqa.selenium.remote.HttpCommandExecutor.fallBackExecute(HttpCommandExecutor.java:319)
	at org.openqa.selenium.remote.HttpCommandExecutor.execute(HttpCommandExecutor.java:298)
	at org.openqa.selenium.remote.RemoteWebDriver.execute(RemoteWebDriver.java:527)
	... 25 more
</error>
    <system-out>Environment Setup Passed
A_NavigateToIntelligenceOfficerApplicationTestPassed
B_LoginAsUserTestPassed
C_FillFormFormPersonalSectionCompleteFailed
D_FillFormPartnerAndRelationshipSectionCompleteFailed
E_FillFormEducationAndEmploymentSectionCompleteFailed
F_FillFormExtraCurrAndForeignExpSectionCompleteFailed
G_FillFormExtendedResponseSectionCompleteFailed
[true, true, true, false, false, false, false, false]
[A_NavigateToIntelligenceOfficerApplicationTest, B_LoginAsUserTest, C_FillFormFormPersonalSectionComplete, D_FillFormPartnerAndRelationshipSectionComplete, E_FillFormEducationAndEmploymentSectionComplete, F_FillFormExtraCurrAndForeignExpSectionComplete, G_FillFormExtendedResponseSectionComplete, H_SubmitFormSection]
</system-out>
  </testcase>
</testsuite>